C:\Users\Ibshar\Documents\Visual Studio 2010\Projects\ComputerShop\ComputerShop\Debug\cl.command.1.tlog
C:\Users\Ibshar\Documents\Visual Studio 2010\Projects\ComputerShop\ComputerShop\Debug\CL.read.1.tlog
C:\Users\Ibshar\Documents\Visual Studio 2010\Projects\ComputerShop\ComputerShop\Debug\CL.write.1.tlog
C:\USERS\IBSHAR\DOCUMENTS\VISUAL STUDIO 2010\PROJECTS\COMPUTERSHOP\COMPUTERSHOP\DEBUG\COMPUTERSHOP.EXE.EMBED.MANIFEST
C:\USERS\IBSHAR\DOCUMENTS\VISUAL STUDIO 2010\PROJECTS\COMPUTERSHOP\COMPUTERSHOP\DEBUG\COMPUTERSHOP.EXE.EMBED.MANIFEST.RES
C:\USERS\IBSHAR\DOCUMENTS\VISUAL STUDIO 2010\PROJECTS\COMPUTERSHOP\COMPUTERSHOP\DEBUG\COMPUTERSHOP.EXE.INTERMEDIATE.MANIFEST
C:\Users\Ibshar\Documents\Visual Studio 2010\Projects\ComputerShop\ComputerShop\Debug\ComputerShop.write.1.tlog
C:\Users\Ibshar\Documents\Visual Studio 2010\Projects\ComputerShop\ComputerShop\Debug\ComputerShop_manifest.rc
C:\Users\Ibshar\Documents\Visual Studio 2010\Projects\ComputerShop\ComputerShop\Debug\link.14084.read.1.tlog
C:\Users\Ibshar\Documents\Visual Studio 2010\Projects\ComputerShop\ComputerShop\Debug\link.14084.write.1.tlog
C:\Users\Ibshar\Documents\Visual Studio 2010\Projects\ComputerShop\ComputerShop\Debug\link.14084-cvtres.read.1.tlog
C:\Users\Ibshar\Documents\Visual Studio 2010\Projects\ComputerShop\ComputerShop\Debug\link.14084-cvtres.write.1.tlog
C:\Users\Ibshar\Documents\Visual Studio 2010\Projects\ComputerShop\ComputerShop\Debug\link.command.1.tlog
C:\Users\Ibshar\Documents\Visual Studio 2010\Projects\ComputerShop\ComputerShop\Debug\link.read.1.tlog
C:\Users\Ibshar\Documents\Visual Studio 2010\Projects\ComputerShop\ComputerShop\Debug\link.write.1.tlog
C:\Users\Ibshar\Documents\Visual Studio 2010\Projects\ComputerShop\ComputerShop\Debug\link-cvtres.read.1.tlog
C:\Users\Ibshar\Documents\Visual Studio 2010\Projects\ComputerShop\ComputerShop\Debug\link-cvtres.write.1.tlog
C:\USERS\IBSHAR\DOCUMENTS\VISUAL STUDIO 2010\PROJECTS\COMPUTERSHOP\COMPUTERSHOP\DEBUG\MAIN.OBJ
C:\Users\Ibshar\Documents\Visual Studio 2010\Projects\ComputerShop\ComputerShop\Debug\mt.command.1.tlog
C:\Users\Ibshar\Documents\Visual Studio 2010\Projects\ComputerShop\ComputerShop\Debug\mt.read.1.tlog
C:\Users\Ibshar\Documents\Visual Studio 2010\Projects\ComputerShop\ComputerShop\Debug\mt.write.1.tlog
C:\Users\Ibshar\Documents\Visual Studio 2010\Projects\ComputerShop\ComputerShop\Debug\rc.command.1.tlog
C:\Users\Ibshar\Documents\Visual Studio 2010\Projects\ComputerShop\ComputerShop\Debug\rc.read.1.tlog
C:\Users\Ibshar\Documents\Visual Studio 2010\Projects\ComputerShop\ComputerShop\Debug\rc.write.1.tlog
C:\Users\Ibshar\Documents\Visual Studio 2010\Projects\ComputerShop\ComputerShop\Debug\vc100.idb
C:\USERS\IBSHAR\DOCUMENTS\VISUAL STUDIO 2010\PROJECTS\COMPUTERSHOP\COMPUTERSHOP\DEBUG\VC100.PDB
C:\USERS\IBSHAR\DOCUMENTS\VISUAL STUDIO 2010\PROJECTS\COMPUTERSHOP\DEBUG\COMPUTERSHOP.EXE
C:\USERS\IBSHAR\DOCUMENTS\VISUAL STUDIO 2010\PROJECTS\COMPUTERSHOP\DEBUG\COMPUTERSHOP.ILK
C:\USERS\IBSHAR\DOCUMENTS\VISUAL STUDIO 2010\PROJECTS\COMPUTERSHOP\DEBUG\COMPUTERSHOP.PDB
